{"logLevel":"debug","message":"multithreading is set to false"}
{"logLevel":"debug","message":"Using reflection to scan dependencies for gauge implementations..."}
SLF4J: Failed to load class "org.slf4j.impl.StaticLoggerBinder".
SLF4J: Defaulting to no-operation (NOP) logger implementation
SLF4J: See http://www.slf4j.org/codes.html#StaticLoggerBinder for further details.
{"logLevel":"debug","message":"gauge-java took 1031milliseconds to load and scan. This should be less than 'runner_connection_timeout' config value."}
{"logLevel":"debug","message":"run 'gauge config runner_connection_timeout' and verify that it is < 1031"}
{"logLevel":"debug","message":"starting gRPC server..."}
{"logLevel":"debug","message":"started gRPC server on port 52071"}
{"logLevel":"info","message":"Listening on port:52071"}
{"logLevel":"debug","message":"Scanning packages for steps"}
{"logLevel":"debug","message":"Comparing 'Tests.LoginTest.CheckInccoretPasswordLength' and 'Tests.LoginTest.CheckInccoretPasswordLength'"}
{"logLevel":"debug","message":"Found Passwordun 5 karakterden az girildiginde hata mesajı verdigi gorulur in current project scope."}
{"logLevel":"debug","message":"Comparing 'Tests.LoginTest.ClickRegisterNowButtonFromRegisterPage' and 'Tests.LoginTest.ClickRegisterNowButtonFromRegisterPage'"}
{"logLevel":"debug","message":"Found Kayit ol sayfasinda Register Now butonuna tiklanir in current project scope."}
{"logLevel":"debug","message":"Comparing 'Tests.LoginTest.IsRegisterPageElementExist' and 'Tests.LoginTest.IsRegisterPageElementExist'"}
{"logLevel":"debug","message":"Found Register sayfasinde Usurname,Email,Password alanlari ve RegisterNow butonun yer aldigi gorulur in current project scope."}
{"logLevel":"debug","message":"Comparing 'Tests.LoginTest.IsLoginPageElementsPresent' and 'Tests.LoginTest.IsLoginPageElementsPresent'"}
{"logLevel":"debug","message":"Found Oturum Acma Sayfasinde Logo-Email-Password-Login Butonu - Login FB ve Sifremi Unuttum Alanlari Gorulur in current project scope."}
{"logLevel":"debug","message":"Comparing 'Tests.LoginTest.ClickRegisterButton' and 'Tests.LoginTest.ClickRegisterButton'"}
{"logLevel":"debug","message":"Found Register Butonuna tiklanir in current project scope."}
{"logLevel":"debug","message":"Comparing 'Tests.LoginTest.ClickForgotPassword' and 'Tests.LoginTest.ClickForgotPassword'"}
{"logLevel":"debug","message":"Found Forgot Password e tiklanir in current project scope."}
{"logLevel":"debug","message":"Comparing 'Tests.LoginTest.ClickOkButtonRegisterPage' and 'Tests.LoginTest.ClickOkButtonRegisterPage'"}
{"logLevel":"debug","message":"Found Kayit sonrasi çikan OK butonuna tiklanir in current project scope."}
{"logLevel":"debug","message":"Comparing 'Tests.LoginTest.IsLoginPageOpen' and 'Tests.LoginTest.IsLoginPageOpen'"}
{"logLevel":"debug","message":"Found login Sayfasinin acildigi gorulur in current project scope."}
{"logLevel":"debug","message":"Comparing 'Tests.LoginTest.CheckUserNameAndPasswordAreSame' and 'Tests.LoginTest.CheckUserNameAndPasswordAreSame'"}
{"logLevel":"debug","message":"Found Kullanici adi ve sifrenin ayni olmasi durumunda hata mesaji verdigi gorulur in current project scope."}
{"logLevel":"debug","message":"Comparing 'Tests.LoginTest.ClickLoginButton' and 'Tests.LoginTest.ClickLoginButton'"}
{"logLevel":"debug","message":"Found Login Butonuna tiklanir in current project scope."}
{"logLevel":"debug","message":"Comparing 'Tests.LoginTest.SetPasswordRegister' and 'Tests.LoginTest.SetPasswordRegister'"}
{"logLevel":"debug","message":"Found Password alanına {} yazılır in current project scope."}
{"logLevel":"debug","message":"Comparing 'Tests.LoginTest.CheckForgotPasswordMessage' and 'Tests.LoginTest.CheckForgotPasswordMessage'"}
{"logLevel":"debug","message":"Found Sifreniz Email adresinize gonderilmistir mesaji geldigi gorulur in current project scope."}
{"logLevel":"debug","message":"Comparing 'Tests.LoginTest.CheckSuccessfulRegisterMessage' and 'Tests.LoginTest.CheckSuccessfulRegisterMessage'"}
{"logLevel":"debug","message":"Found Basarili register mesajı gorulur in current project scope."}
{"logLevel":"debug","message":"Comparing 'Tests.LoginTest.CheckUserNameAndPasswordShouldBeDiffrent' and 'Tests.LoginTest.CheckUserNameAndPasswordShouldBeDiffrent'"}
{"logLevel":"debug","message":"Found Kullanici adi ve sifrenin farkli oldugu gorulur in current project scope."}
{"logLevel":"debug","message":"Comparing 'Tests.LoginTest.setEmailRegister' and 'Tests.LoginTest.setEmailRegister'"}
{"logLevel":"debug","message":"Found Email alanına {} yazılır in current project scope."}
{"logLevel":"debug","message":"Comparing 'Tests.LoginTest.IsRegisterPageOpen' and 'Tests.LoginTest.IsRegisterPageOpen'"}
{"logLevel":"debug","message":"Found Register Sayfasinin acildigi gorulur in current project scope."}
{"logLevel":"debug","message":"Comparing 'Tests.LoginTest.DisplayLogo' and 'Tests.LoginTest.DisplayLogo'"}
{"logLevel":"debug","message":"Found Login Ekraninda Logo,Giris butonu ve Kayit ol butonu oldugu gorulur in current project scope."}
{"logLevel":"debug","message":"Comparing 'Tests.LoginTest.setUserNameRegister' and 'Tests.LoginTest.setUserNameRegister'"}
{"logLevel":"debug","message":"Found Kullanıcı adı alanına {} yazılır in current project scope."}
{"logLevel":"debug","message":"Comparing 'Tests.LoginTest.CheckPasswordLenght' and 'Tests.LoginTest.CheckPasswordLenght'"}
{"logLevel":"debug","message":"Found Passwordun 5 karakterden uzun oldugu kontrol edilir in current project scope."}
{"logLevel":"debug","message":"Scanning packages for hooks"}
{"logLevel":"debug","message":"Scanned steps (using static parsing + reflections): "}
{"logLevel":"debug","message":"\tKullanıcı adı alanına {} yazılır : public void setUserNameRegister(String userName)"}
{"logLevel":"debug","message":"\tKayit sonrasi çikan OK butonuna tiklanir : public void ClickOkButtonRegisterPage()"}
{"logLevel":"debug","message":"\tRegister sayfasinde Usurname,Email,Password alanlari ve RegisterNow butonun yer aldigi gorulur : public void IsRegisterPageElementExist()"}
{"logLevel":"debug","message":"\tPassword alanına {} yazılır : public void SetPasswordRegister(String userName)"}
{"logLevel":"debug","message":"\tBasarili register mesajı gorulur : public void CheckSuccessfulRegisterMessage()"}
{"logLevel":"debug","message":"\tKullanici adi ve sifrenin farkli oldugu gorulur : public void CheckUserNameAndPasswordShouldBeDiffrent()"}
{"logLevel":"debug","message":"\tPasswordun 5 karakterden az girildiginde hata mesajı verdigi gorulur : public void CheckInccoretPasswordLength()"}
{"logLevel":"debug","message":"\tLogin Ekraninda Logo,Giris butonu ve Kayit ol butonu oldugu gorulur : public void DisplayLogo()"}
{"logLevel":"debug","message":"\tEmail alanına {} yazılır : public void setEmailRegister(String email)"}
{"logLevel":"debug","message":"\tRegister Butonuna tiklanir : public void ClickRegisterButton()"}
{"logLevel":"debug","message":"\tRegister Sayfasinin acildigi gorulur : public void IsRegisterPageOpen()"}
{"logLevel":"debug","message":"\tOturum Acma Sayfasinde Logo-Email-Password-Login Butonu - Login FB ve Sifremi Unuttum Alanlari Gorulur : public void IsLoginPageElementsPresent()"}
{"logLevel":"debug","message":"\tKullanici adi ve sifrenin ayni olmasi durumunda hata mesaji verdigi gorulur : public void CheckUserNameAndPasswordAreSame()"}
{"logLevel":"debug","message":"\tKayit ol sayfasinda Register Now butonuna tiklanir : public void ClickRegisterNowButtonFromRegisterPage()"}
{"logLevel":"debug","message":"\tForgot Password e tiklanir : public void ClickForgotPassword()"}
{"logLevel":"debug","message":"\tSifreniz Email adresinize gonderilmistir mesaji geldigi gorulur : public void CheckForgotPasswordMessage()"}
{"logLevel":"debug","message":"\tLogin Butonuna tiklanir : public void ClickLoginButton()"}
{"logLevel":"debug","message":"\tlogin Sayfasinin acildigi gorulur : public void IsLoginPageOpen()"}
{"logLevel":"debug","message":"\tPasswordun 5 karakterden uzun oldugu kontrol edilir : public void CheckPasswordLenght()"}
Mar 21, 2021 2:34:20 AM io.appium.java_client.remote.AppiumCommandExecutor$1 lambda$0
INFO: Detected dialect: W3C
{"logLevel":"debug","message":"Executing 'Login Ekraninda Logo,Giris butonu ve Kayit ol butonu oldugu gorulur' using 'class Tests.LoginTest.DisplayLogo"}
{"logLevel":"debug","message":"Executing 'Register Butonuna tiklanir' using 'class Tests.LoginTest.ClickRegisterButton"}
{"logLevel":"debug","message":"Executing 'Register Sayfasinin acildigi gorulur' using 'class Tests.LoginTest.IsRegisterPageOpen"}
{"logLevel":"debug","message":"Executing 'Register sayfasinde Usurname,Email,Password alanlari ve RegisterNow butonun yer aldigi gorulur' using 'class Tests.LoginTest.IsRegisterPageElementExist"}
{"logLevel":"debug","message":"Executing 'Kullanıcı adı alanına {} yazılır' using 'class Tests.LoginTest.setUserNameRegister"}
{"logLevel":"debug","message":"Executing 'Email alanına {} yazılır' using 'class Tests.LoginTest.setEmailRegister"}
{"logLevel":"debug","message":"Executing 'Password alanına {} yazılır' using 'class Tests.LoginTest.SetPasswordRegister"}
{"logLevel":"debug","message":"Executing 'Passwordun 5 karakterden uzun oldugu kontrol edilir' using 'class Tests.LoginTest.CheckPasswordLenght"}
{"logLevel":"debug","message":"Executing 'Kullanici adi ve sifrenin ayni olmasi durumunda hata mesaji verdigi gorulur' using 'class Tests.LoginTest.CheckUserNameAndPasswordAreSame"}
